c:\users\administrator\documents\visual studio 2013\projects\rasterizer\rasterizer\release\vc120.pdb
c:\users\administrator\documents\visual studio 2013\projects\rasterizer\rasterizer\release\program.obj
c:\users\administrator\documents\visual studio 2013\projects\rasterizer\rasterizer\release\rasterizer.obj
c:\users\administrator\documents\visual studio 2013\projects\rasterizer\rasterizer\release\vertexshader.obj
c:\users\administrator\documents\visual studio 2013\projects\rasterizer\rasterizer\release\multithreadrasterizer.obj
c:\users\administrator\documents\visual studio 2013\projects\rasterizer\rasterizer\release\global.obj
c:\users\administrator\documents\visual studio 2013\projects\rasterizer\rasterizer\release\transformthread.obj
c:\users\administrator\documents\visual studio 2013\projects\rasterizer\rasterizer\release\multithreadmanager.obj
c:\users\administrator\documents\visual studio 2013\projects\rasterizer\rasterizer\release\vertex.obj
c:\users\administrator\documents\visual studio 2013\projects\rasterizer\rasterizer\release\tessellator.obj
c:\users\administrator\documents\visual studio 2013\projects\rasterizer\rasterizer\release\pixelshader.obj
c:\users\administrator\documents\visual studio 2013\projects\rasterizer\rasterizer\rasterizer.exe
c:\users\administrator\documents\visual studio 2013\projects\rasterizer\rasterizer\rasterizer.pdb
c:\users\administrator\documents\visual studio 2013\projects\rasterizer\rasterizer\release\list.obj
c:\users\administrator\documents\visual studio 2013\projects\rasterizer\rasterizer\release\objloader.obj
c:\users\administrator\documents\visual studio 2013\projects\rasterizer\rasterizer\release\obj_parser.obj
c:\users\administrator\documents\visual studio 2013\projects\rasterizer\rasterizer\release\string_extra.obj
c:\users\administrator\documents\visual studio 2013\projects\rasterizer\rasterizer\release\rasterizer.tlog\cl.command.1.tlog
c:\users\administrator\documents\visual studio 2013\projects\rasterizer\rasterizer\release\rasterizer.tlog\cl.read.1.tlog
c:\users\administrator\documents\visual studio 2013\projects\rasterizer\rasterizer\release\rasterizer.tlog\cl.write.1.tlog
c:\users\administrator\documents\visual studio 2013\projects\rasterizer\rasterizer\release\rasterizer.tlog\link.command.1.tlog
c:\users\administrator\documents\visual studio 2013\projects\rasterizer\rasterizer\release\rasterizer.tlog\link.read.1.tlog
c:\users\administrator\documents\visual studio 2013\projects\rasterizer\rasterizer\release\rasterizer.tlog\link.write.1.tlog
